<?xml version="1.0" encoding="UTF-8" ?>
<testsuite tests="1" failures="0" name="com.magicoh.springmvc.AopLogTest" time="2.99" errors="1" skipped="0">
  <properties>
    <property name="java.runtime.name" value="Java(TM) SE Runtime Environment"/>
    <property name="sun.boot.library.path" value="C:\Program Files\Java\jdk1.8.0_202\jre\bin"/>
    <property name="java.vm.version" value="25.202-b08"/>
    <property name="java.vm.vendor" value="Oracle Corporation"/>
    <property name="maven.multiModuleProjectDirectory" value="D:\sts4Works\springsecurity"/>
    <property name="java.vendor.url" value="http://java.oracle.com/"/>
    <property name="path.separator" value=";"/>
    <property name="guice.disable.misplaced.annotation.check" value="true"/>
    <property name="java.vm.name" value="Java HotSpot(TM) 64-Bit Server VM"/>
    <property name="file.encoding.pkg" value="sun.io"/>
    <property name="user.script" value=""/>
    <property name="user.country" value="KR"/>
    <property name="sun.java.launcher" value="SUN_STANDARD"/>
    <property name="sun.os.patch.level" value=""/>
    <property name="java.vm.specification.name" value="Java Virtual Machine Specification"/>
    <property name="user.dir" value="D:\sts4Works\springsecurity"/>
    <property name="java.runtime.version" value="1.8.0_202-b08"/>
    <property name="java.awt.graphicsenv" value="sun.awt.Win32GraphicsEnvironment"/>
    <property name="java.endorsed.dirs" value="C:\Program Files\Java\jdk1.8.0_202\jre\lib\endorsed"/>
    <property name="os.arch" value="amd64"/>
    <property name="java.io.tmpdir" value="C:\Users\ADMINI~1\AppData\Local\Temp\"/>
    <property name="line.separator" value="
"/>
    <property name="java.vm.specification.vendor" value="Oracle Corporation"/>
    <property name="user.variant" value=""/>
    <property name="os.name" value="Windows 10"/>
    <property name="classworlds.conf" value="D:\sts4Works\.metadata\.plugins\org.eclipse.m2e.launching\launches\m2conf10238475579769173478.tmp"/>
    <property name="jansi.force" value="true"/>
    <property name="sun.jnu.encoding" value="MS949"/>
    <property name="java.library.path" value="C:\Program Files\Java\jdk1.8.0_202\bin;C:\Windows\Sun\Java\bin;C:\Windows\system32;C:\Windows;D:/sts-4.8.1.RELEASE//plugins/org.eclipse.justj.openjdk.hotspot.jre.full.win32.x86_64_15.0.0.v20201014-1246/jre/bin/server;D:/sts-4.8.1.RELEASE//plugins/org.eclipse.justj.openjdk.hotspot.jre.full.win32.x86_64_15.0.0.v20201014-1246/jre/bin;D:\CUBRID\bin\;C:\Program Files (x86)\Common Files\Oracle\Java\javapath;D:\app\Administrator\product\18.0.0\dbhomeXE\bin;C:\Program Files\Microsoft MPI\Bin\;C:\Windows\system32;C:\Windows;C:\Windows\System32\Wbem;C:\Windows\System32\WindowsPowerShell\v1.0\;C:\Program Files\Microsoft SQL Server\110\DTS\Binn\;C:\Program Files (x86)\Microsoft SQL Server\110\Tools\Binn\;C:\Program Files\Microsoft SQL Server\110\Tools\Binn\;C:\Program Files (x86)\Microsoft SQL Server\110\Tools\Binn\ManagementStudio\;C:\Program Files (x86)\Microsoft Visual Studio 10.0\Common7\IDE\PrivateAssemblies\;C:\Program Files (x86)\Microsoft SQL Server\110\DTS\Binn\;C:\Program Files\Java\jdk1.8.0_202\bin;C:\Program Files\dotnet\;D:\JavaWorks\repository\maven\bin;C:\Program Files\Microsoft SQL Server\130\Tools\Binn\;C:\Program Files\Microsoft SQL Server\Client SDK\ODBC\170\Tools\Binn\;C:\Program Files (x86)\Microsoft SQL Server\140\Tools\Binn\;C:\Program Files\Microsoft SQL Server\140\Tools\Binn\;C:\Program Files (x86)\Microsoft SQL Server\140\DTS\Binn\;C:\Program Files\Microsoft SQL Server\140\DTS\Binn\;C:\Program Files\Microsoft SQL Server\Client SDK\ODBC\130\Tools\Binn\;C:\Program Files (x86)\Microsoft SQL Server\150\DTS\Binn\;C:\Program Files\Microsoft\Web Platform Installer\;D:\Program Files\MySQL\MySQL Utilities 1.6\;C:\Program Files\MySQL\MySQL Server 8.0\bin;C:\Program Files\nodejs\;D:\Program Files\Git\cmd;D:\JavaWorks\tomcats\apache-tomcat-9.0.39\bin;D:\Program Files (x86)\Microsoft Visual Studio\Common\Tools\WinNT;D:\Program Files (x86)\Microsoft Visual Studio\Common\MSDev98\Bin;D:\Program Files (x86)\Microsoft Visual Studio\Common\Tools;D:\Program Files (x86)\Microsoft Visual Studio\VC98\bin;C:\Program Files\MySQL\MySQL Shell 8.0\bin\;C:\Users\Administrator\AppData\Local\Microsoft\WindowsApps;C:\Users\Administrator\.dotnet\tools;D:\Microsoft VS Code\bin;C:\Program Files\Java\jdk-14.0.1\bin;C:\Users\Administrator\AppData\Roaming\npm;C:\Users\Administrator\AppData\Local\atom\bin;D:\sts-4.8.1.RELEASE;;."/>
    <property name="jansi.passthrough" value="true"/>
    <property name="java.specification.name" value="Java Platform API Specification"/>
    <property name="java.class.version" value="52.0"/>
    <property name="sun.management.compiler" value="HotSpot 64-Bit Tiered Compilers"/>
    <property name="os.version" value="10.0"/>
    <property name="user.home" value="C:\Users\Administrator"/>
    <property name="user.timezone" value="Asia/Seoul"/>
    <property name="java.awt.printerjob" value="sun.awt.windows.WPrinterJob"/>
    <property name="java.specification.version" value="1.8"/>
    <property name="file.encoding" value="UTF-8"/>
    <property name="user.name" value="Administrator"/>
    <property name="java.class.path" value="D:\sts-4.8.1.RELEASE\plugins\org.eclipse.m2e.maven.runtime_1.16.0.20200610-1735\jars\plexus-classworlds-2.6.0.jar"/>
    <property name="java.vm.specification.version" value="1.8"/>
    <property name="sun.arch.data.model" value="64"/>
    <property name="java.home" value="C:\Program Files\Java\jdk1.8.0_202\jre"/>
    <property name="sun.java.command" value="org.codehaus.plexus.classworlds.launcher.Launcher -B -s D:\JavaWorks\repository\settings.xml install -Dstyle.color=always"/>
    <property name="java.specification.vendor" value="Oracle Corporation"/>
    <property name="user.language" value="ko"/>
    <property name="awt.toolkit" value="sun.awt.windows.WToolkit"/>
    <property name="java.vm.info" value="mixed mode"/>
    <property name="java.version" value="1.8.0_202"/>
    <property name="java.ext.dirs" value="C:\Program Files\Java\jdk1.8.0_202\jre\lib\ext;C:\Windows\Sun\Java\lib\ext"/>
    <property name="sun.boot.class.path" value="C:\Program Files\Java\jdk1.8.0_202\jre\lib\resources.jar;C:\Program Files\Java\jdk1.8.0_202\jre\lib\rt.jar;C:\Program Files\Java\jdk1.8.0_202\jre\lib\sunrsasign.jar;C:\Program Files\Java\jdk1.8.0_202\jre\lib\jsse.jar;C:\Program Files\Java\jdk1.8.0_202\jre\lib\jce.jar;C:\Program Files\Java\jdk1.8.0_202\jre\lib\charsets.jar;C:\Program Files\Java\jdk1.8.0_202\jre\lib\jfr.jar;C:\Program Files\Java\jdk1.8.0_202\jre\classes"/>
    <property name="java.vendor" value="Oracle Corporation"/>
    <property name="maven.home" value="D:\sts4Works\springsecurity\EMBEDDED"/>
    <property name="style.color" value="always"/>
    <property name="file.separator" value="\"/>
    <property name="java.vendor.url.bug" value="http://bugreport.sun.com/bugreport/"/>
    <property name="sun.cpu.endian" value="little"/>
    <property name="sun.io.unicode.encoding" value="UnicodeLittle"/>
    <property name="sun.desktop" value="windows"/>
    <property name="sun.cpu.isalist" value="amd64"/>
  </properties>
  <testcase classname="com.magicoh.springmvc.AopLogTest" name="test" time="2.99">
    <error message="
### Error updating database.  Cause: java.sql.SQLIntegrityConstraintViolationException: ORA-00001: 무결성 제약 조건(UMS.PK_INVOICEHEADER)에 위배됩니다

### The error may exist in file [D:\sts4Works\springsecurity\target\classes\mapper\oracle\productMapper.xml]
### The error may involve com.magicoh.springmvc.dao.IProductMapperDao.insertInvoiceHeader-Inline
### The error occurred while setting parameters
### SQL: INSERT INTO INVOICEHEADER(    INVOICE_ID,    CLIENT_ID,    INVOICE_DATE,    SHIPPING_ADDRESS,    TOTAL_AMT,    DESCRIPTION,    CREATED_DATE)   VALUES(    ?,     ?,     ?,     ?,     ?,     ?,     SYSDATE)
### Cause: java.sql.SQLIntegrityConstraintViolationException: ORA-00001: 무결성 제약 조건(UMS.PK_INVOICEHEADER)에 위배됩니다

; SQL []; ORA-00001: 무결성 제약 조건(UMS.PK_INVOICEHEADER)에 위배됩니다
; nested exception is java.sql.SQLIntegrityConstraintViolationException: ORA-00001: 무결성 제약 조건(UMS.PK_INVOICEHEADER)에 위배됩니다
" type="org.springframework.dao.DuplicateKeyException">org.springframework.dao.DuplicateKeyException: 
### Error updating database.  Cause: java.sql.SQLIntegrityConstraintViolationException: ORA-00001: 무결성 제약 조건(UMS.PK_INVOICEHEADER)에 위배됩니다

### The error may exist in file [D:\sts4Works\springsecurity\target\classes\mapper\oracle\productMapper.xml]
### The error may involve com.magicoh.springmvc.dao.IProductMapperDao.insertInvoiceHeader-Inline
### The error occurred while setting parameters
### SQL: INSERT INTO INVOICEHEADER(    INVOICE_ID,    CLIENT_ID,    INVOICE_DATE,    SHIPPING_ADDRESS,    TOTAL_AMT,    DESCRIPTION,    CREATED_DATE)   VALUES(    ?,     ?,     ?,     ?,     ?,     ?,     SYSDATE)
### Cause: java.sql.SQLIntegrityConstraintViolationException: ORA-00001: 무결성 제약 조건(UMS.PK_INVOICEHEADER)에 위배됩니다

; SQL []; ORA-00001: 무결성 제약 조건(UMS.PK_INVOICEHEADER)에 위배됩니다
; nested exception is java.sql.SQLIntegrityConstraintViolationException: ORA-00001: 무결성 제약 조건(UMS.PK_INVOICEHEADER)에 위배됩니다

	at org.springframework.jdbc.support.SQLErrorCodeSQLExceptionTranslator.doTranslate(SQLErrorCodeSQLExceptionTranslator.java:238)
	at org.springframework.jdbc.support.AbstractFallbackSQLExceptionTranslator.translate(AbstractFallbackSQLExceptionTranslator.java:73)
	at org.mybatis.spring.MyBatisExceptionTranslator.translateExceptionIfPossible(MyBatisExceptionTranslator.java:88)
	at org.mybatis.spring.SqlSessionTemplate$SqlSessionInterceptor.invoke(SqlSessionTemplate.java:440)
	at com.sun.proxy.$Proxy39.insert(Unknown Source)
	at org.mybatis.spring.SqlSessionTemplate.insert(SqlSessionTemplate.java:271)
	at org.apache.ibatis.binding.MapperMethod.execute(MapperMethod.java:62)
	at org.apache.ibatis.binding.MapperProxy$PlainMethodInvoker.invoke(MapperProxy.java:144)
	at org.apache.ibatis.binding.MapperProxy.invoke(MapperProxy.java:85)
	at com.sun.proxy.$Proxy45.insertInvoiceHeader(Unknown Source)
	at com.magicoh.springmvc.AopLogTest.test(AopLogTest.java:58)
	at sun.reflect.NativeMethodAccessorImpl.invoke0(Native Method)
	at sun.reflect.NativeMethodAccessorImpl.invoke(NativeMethodAccessorImpl.java:62)
	at sun.reflect.DelegatingMethodAccessorImpl.invoke(DelegatingMethodAccessorImpl.java:43)
	at java.lang.reflect.Method.invoke(Method.java:498)
	at org.junit.runners.model.FrameworkMethod$1.runReflectiveCall(FrameworkMethod.java:59)
	at org.junit.internal.runners.model.ReflectiveCallable.run(ReflectiveCallable.java:12)
	at org.junit.runners.model.FrameworkMethod.invokeExplosively(FrameworkMethod.java:56)
	at org.junit.internal.runners.statements.InvokeMethod.evaluate(InvokeMethod.java:17)
	at org.junit.internal.runners.statements.RunBefores.evaluate(RunBefores.java:26)
	at org.springframework.test.context.junit4.statements.RunBeforeTestMethodCallbacks.evaluate(RunBeforeTestMethodCallbacks.java:75)
	at org.springframework.test.context.junit4.statements.RunAfterTestMethodCallbacks.evaluate(RunAfterTestMethodCallbacks.java:86)
	at org.springframework.test.context.junit4.statements.SpringRepeat.evaluate(SpringRepeat.java:84)
	at org.junit.runners.ParentRunner.runLeaf(ParentRunner.java:366)
	at org.springframework.test.context.junit4.SpringJUnit4ClassRunner.runChild(SpringJUnit4ClassRunner.java:252)
	at org.springframework.test.context.junit4.SpringJUnit4ClassRunner.runChild(SpringJUnit4ClassRunner.java:94)
	at org.junit.runners.ParentRunner$4.run(ParentRunner.java:331)
	at org.junit.runners.ParentRunner$1.schedule(ParentRunner.java:79)
	at org.junit.runners.ParentRunner.runChildren(ParentRunner.java:329)
	at org.junit.runners.ParentRunner.access$100(ParentRunner.java:66)
	at org.junit.runners.ParentRunner$2.evaluate(ParentRunner.java:293)
	at org.springframework.test.context.junit4.statements.RunBeforeTestClassCallbacks.evaluate(RunBeforeTestClassCallbacks.java:61)
	at org.springframework.test.context.junit4.statements.RunAfterTestClassCallbacks.evaluate(RunAfterTestClassCallbacks.java:70)
	at org.junit.runners.ParentRunner$3.evaluate(ParentRunner.java:306)
	at org.junit.runners.ParentRunner.run(ParentRunner.java:413)
	at org.springframework.test.context.junit4.SpringJUnit4ClassRunner.run(SpringJUnit4ClassRunner.java:191)
	at org.apache.maven.surefire.junit4.JUnit4Provider.execute(JUnit4Provider.java:252)
	at org.apache.maven.surefire.junit4.JUnit4Provider.executeTestSet(JUnit4Provider.java:141)
	at org.apache.maven.surefire.junit4.JUnit4Provider.invoke(JUnit4Provider.java:112)
	at sun.reflect.NativeMethodAccessorImpl.invoke0(Native Method)
	at sun.reflect.NativeMethodAccessorImpl.invoke(NativeMethodAccessorImpl.java:62)
	at sun.reflect.DelegatingMethodAccessorImpl.invoke(DelegatingMethodAccessorImpl.java:43)
	at java.lang.reflect.Method.invoke(Method.java:498)
	at org.apache.maven.surefire.util.ReflectionUtils.invokeMethodWithArray(ReflectionUtils.java:189)
	at org.apache.maven.surefire.booter.ProviderFactory$ProviderProxy.invoke(ProviderFactory.java:165)
	at org.apache.maven.surefire.booter.ProviderFactory.invokeProvider(ProviderFactory.java:85)
	at org.apache.maven.surefire.booter.ForkedBooter.runSuitesInProcess(ForkedBooter.java:115)
	at org.apache.maven.surefire.booter.ForkedBooter.main(ForkedBooter.java:75)
Caused by: java.sql.SQLIntegrityConstraintViolationException: ORA-00001: 무결성 제약 조건(UMS.PK_INVOICEHEADER)에 위배됩니다

	at oracle.jdbc.driver.T4CTTIoer11.processError(T4CTTIoer11.java:509)
	at oracle.jdbc.driver.T4CTTIoer11.processError(T4CTTIoer11.java:461)
	at oracle.jdbc.driver.T4C8Oall.processError(T4C8Oall.java:1104)
	at oracle.jdbc.driver.T4CTTIfun.receive(T4CTTIfun.java:550)
	at oracle.jdbc.driver.T4CTTIfun.doRPC(T4CTTIfun.java:268)
	at oracle.jdbc.driver.T4C8Oall.doOALL(T4C8Oall.java:655)
	at oracle.jdbc.driver.T4CPreparedStatement.doOall8(T4CPreparedStatement.java:270)
	at oracle.jdbc.driver.T4CPreparedStatement.doOall8(T4CPreparedStatement.java:91)
	at oracle.jdbc.driver.T4CPreparedStatement.executeForRows(T4CPreparedStatement.java:970)
	at oracle.jdbc.driver.OracleStatement.doExecuteWithTimeout(OracleStatement.java:1205)
	at oracle.jdbc.driver.OraclePreparedStatement.executeInternal(OraclePreparedStatement.java:3666)
	at oracle.jdbc.driver.T4CPreparedStatement.executeInternal(T4CPreparedStatement.java:1426)
	at oracle.jdbc.driver.OraclePreparedStatement.execute(OraclePreparedStatement.java:3778)
	at oracle.jdbc.driver.OraclePreparedStatementWrapper.execute(OraclePreparedStatementWrapper.java:1081)
	at net.sf.log4jdbc.PreparedStatementSpy.execute(PreparedStatementSpy.java:418)
	at org.apache.ibatis.executor.statement.PreparedStatementHandler.update(PreparedStatementHandler.java:47)
	at org.apache.ibatis.executor.statement.RoutingStatementHandler.update(RoutingStatementHandler.java:74)
	at org.apache.ibatis.executor.SimpleExecutor.doUpdate(SimpleExecutor.java:50)
	at org.apache.ibatis.executor.BaseExecutor.update(BaseExecutor.java:117)
	at org.apache.ibatis.session.defaults.DefaultSqlSession.update(DefaultSqlSession.java:197)
	at org.apache.ibatis.session.defaults.DefaultSqlSession.insert(DefaultSqlSession.java:184)
	at sun.reflect.NativeMethodAccessorImpl.invoke0(Native Method)
	at sun.reflect.NativeMethodAccessorImpl.invoke(NativeMethodAccessorImpl.java:62)
	at sun.reflect.DelegatingMethodAccessorImpl.invoke(DelegatingMethodAccessorImpl.java:43)
	at java.lang.reflect.Method.invoke(Method.java:498)
	at org.mybatis.spring.SqlSessionTemplate$SqlSessionInterceptor.invoke(SqlSessionTemplate.java:426)
	... 44 more
Caused by: Error : 1, Position : 0, Sql = INSERT INTO INVOICEHEADER(
			INVOICE_ID,
			CLIENT_ID,
			INVOICE_DATE,
			SHIPPING_ADDRESS,
			TOTAL_AMT,
			DESCRIPTION,
			CREATED_DATE)
		VALUES(
			:1 , 
			:2 , 
			:3 , 
			:4 , 
			:5 , 
			:6 , 
			SYSDATE), OriginalSql = INSERT INTO INVOICEHEADER(
			INVOICE_ID,
			CLIENT_ID,
			INVOICE_DATE,
			SHIPPING_ADDRESS,
			TOTAL_AMT,
			DESCRIPTION,
			CREATED_DATE)
		VALUES(
			?, 
			?, 
			?, 
			?, 
			?, 
			?, 
			SYSDATE), Error Msg = ORA-00001: 무결성 제약 조건(UMS.PK_INVOICEHEADER)에 위배됩니다

	at oracle.jdbc.driver.T4CTTIoer11.processError(T4CTTIoer11.java:513)
	... 69 more
</error>
    <system-out>INFO : org.springframework.test.context.web.WebTestContextBootstrapper - Loaded default TestExecutionListener class names from location [META-INF/spring.factories]: [org.springframework.test.context.web.ServletTestExecutionListener, org.springframework.test.context.support.DirtiesContextBeforeModesTestExecutionListener, org.springframework.test.context.support.DependencyInjectionTestExecutionListener, org.springframework.test.context.support.DirtiesContextTestExecutionListener, org.springframework.test.context.transaction.TransactionalTestExecutionListener, org.springframework.test.context.jdbc.SqlScriptsTestExecutionListener, org.springframework.security.test.context.support.WithSecurityContextTestExecutionListener]
INFO : org.springframework.test.context.web.WebTestContextBootstrapper - Using TestExecutionListeners: [org.springframework.test.context.web.ServletTestExecutionListener@3cef309d, org.springframework.test.context.support.DirtiesContextBeforeModesTestExecutionListener@32709393, org.springframework.test.context.support.DependencyInjectionTestExecutionListener@3d99d22e, org.springframework.test.context.support.DirtiesContextTestExecutionListener@49fc609f, org.springframework.test.context.transaction.TransactionalTestExecutionListener@cd2dae5, org.springframework.test.context.jdbc.SqlScriptsTestExecutionListener@3a883ce7, org.springframework.security.test.context.support.WithSecurityContextTestExecutionListener@4973813a]
INFO : org.springframework.beans.factory.xml.XmlBeanDefinitionReader - Loading XML bean definitions from URL [file:src/main/webapp/WEB-INF/spring/appServlet/servlet-context.xml]
INFO : org.springframework.beans.factory.xml.XmlBeanDefinitionReader - Loading XML bean definitions from URL [file:src/main/webapp/WEB-INF/spring/application-context.xml]
INFO : org.springframework.web.context.support.GenericWebApplicationContext - Refreshing org.springframework.web.context.support.GenericWebApplicationContext@2f943d71: startup date [Wed Dec 30 11:08:23 KST 2020]; root of context hierarchy
INFO : org.springframework.beans.factory.annotation.AutowiredAnnotationBeanPostProcessor - JSR-330 &apos;javax.inject.Inject&apos; annotation found and supported for autowiring
INFO : org.springframework.web.servlet.mvc.method.annotation.RequestMappingHandlerMapping - Mapped &quot;{[/join],methods=[GET]}&quot; onto public java.lang.String com.magicoh.springmvc.controller.AuthController.join()
INFO : org.springframework.web.servlet.mvc.method.annotation.RequestMappingHandlerMapping - Mapped &quot;{[/joinAction],methods=[POST]}&quot; onto public java.lang.String com.magicoh.springmvc.controller.AuthController.join(com.magicoh.springmvc.dto.CustomUser,org.springframework.ui.Model)
INFO : org.springframework.web.servlet.mvc.method.annotation.RequestMappingHandlerMapping - Mapped &quot;{[/logout],methods=[GET]}&quot; onto public java.lang.String com.magicoh.springmvc.controller.AuthController.logout(org.springframework.ui.ModelMap,javax.servlet.http.HttpServletRequest,javax.servlet.http.HttpServletResponse)
INFO : org.springframework.web.servlet.mvc.method.annotation.RequestMappingHandlerMapping - Mapped &quot;{[/login],methods=[GET]}&quot; onto public java.lang.String com.magicoh.springmvc.controller.AuthController.login(org.springframework.ui.ModelMap)
INFO : org.springframework.web.servlet.mvc.method.annotation.RequestMappingHandlerMapping - Mapped &quot;{[/loginError],methods=[GET]}&quot; onto public java.lang.String com.magicoh.springmvc.controller.AuthController.loginError(org.springframework.ui.ModelMap,javax.servlet.http.HttpSession)
INFO : org.springframework.web.servlet.mvc.method.annotation.RequestMappingHandlerMapping - Mapped &quot;{[/welcome],methods=[GET]}&quot; onto public java.lang.String com.magicoh.springmvc.controller.AuthController.welcome()
INFO : org.springframework.web.servlet.mvc.method.annotation.RequestMappingHandlerMapping - Mapped &quot;{[/access_denied]}&quot; onto public java.lang.String com.magicoh.springmvc.controller.AuthController.accessDeniedPage() throws java.lang.Exception
INFO : org.springframework.web.servlet.mvc.method.annotation.RequestMappingHandlerMapping - Mapped &quot;{[/checkId],methods=[POST]}&quot; onto public java.lang.String com.magicoh.springmvc.controller.AuthController.checkId(org.springframework.ui.ModelMap,java.lang.String) throws java.lang.Exception
INFO : org.springframework.web.servlet.mvc.method.annotation.RequestMappingHandlerMapping - Mapped &quot;{[/secured/home || /secured],methods=[GET]}&quot; onto public java.lang.String com.magicoh.springmvc.controller.AuthController.securedHome(org.springframework.ui.ModelMap)
INFO : org.springframework.web.servlet.mvc.method.annotation.RequestMappingHandlerMapping - Mapped &quot;{[/helloworld],methods=[GET]}&quot; onto public java.lang.String com.magicoh.springmvc.controller.AuthController.helloWorld(org.springframework.ui.ModelMap)
INFO : org.springframework.web.servlet.mvc.method.annotation.RequestMappingHandlerMapping - Mapped &quot;{[/user/member_update],methods=[GET]}&quot; onto public org.springframework.web.servlet.ModelAndView com.magicoh.springmvc.controller.AuthController.updateMemberForm(java.lang.String)
INFO : org.springframework.web.servlet.mvc.method.annotation.RequestMappingHandlerMapping - Mapped &quot;{[/admin/home || /admin],methods=[GET]}&quot; onto public java.lang.String com.magicoh.springmvc.controller.AuthController.securedAdminHome(org.springframework.ui.ModelMap)
INFO : org.springframework.web.servlet.mvc.method.annotation.RequestMappingHandlerMapping - Mapped &quot;{[/welcome**],methods=[GET]}&quot; onto public org.springframework.web.servlet.ModelAndView com.magicoh.springmvc.controller.AuthController.defaultPage()
INFO : org.springframework.web.servlet.mvc.method.annotation.RequestMappingHandlerMapping - Mapped &quot;{[/zipNum],methods=[GET]}&quot; onto public java.lang.String com.magicoh.springmvc.controller.AuthController.zipNum(java.lang.String,org.springframework.ui.ModelMap)
INFO : org.springframework.web.servlet.mvc.method.annotation.RequestMappingHandlerMapping - Mapped &quot;{[/exceptionTest]}&quot; onto public java.lang.String com.magicoh.springmvc.controller.BbsController.test() throws java.sql.SQLException
INFO : org.springframework.web.servlet.mvc.method.annotation.RequestMappingHandlerMapping - Mapped &quot;{[/qna_list],methods=[GET]}&quot; onto public java.lang.String com.magicoh.springmvc.controller.BbsController.getQnaList(org.springframework.ui.Model) throws java.lang.Exception
INFO : org.springframework.web.servlet.mvc.method.annotation.RequestMappingHandlerMapping - Mapped &quot;{[/product/product_updateform],methods=[GET]}&quot; onto public org.springframework.web.servlet.ModelAndView com.magicoh.springmvc.controller.ProductController.updateForm(int)
INFO : org.springframework.web.servlet.mvc.method.annotation.RequestMappingHandlerMapping - Mapped &quot;{[/product/category_view],methods=[GET]}&quot; onto public org.springframework.web.servlet.ModelAndView com.magicoh.springmvc.controller.ProductController.getCategory(int)
INFO : org.springframework.web.servlet.mvc.method.annotation.RequestMappingHandlerMapping - Mapped &quot;{[/product/category_modal_search],methods=[POST]}&quot; onto public java.util.List&lt;com.magicoh.springmvc.dto.Category&gt; com.magicoh.springmvc.controller.ProductController.getCategoryListInModal(org.springframework.ui.ModelMap,com.magicoh.springmvc.dto.Category) throws java.lang.Exception
INFO : org.springframework.web.servlet.mvc.method.annotation.RequestMappingHandlerMapping - Mapped &quot;{[/product/product_list_datatable],methods=[GET]}&quot; onto public java.lang.String com.magicoh.springmvc.controller.ProductController.getProductListDatatable(org.springframework.ui.Model) throws java.lang.Exception
INFO : org.springframework.web.servlet.mvc.method.annotation.RequestMappingHandlerMapping - Mapped &quot;{[/product/category_insertform],methods=[GET]}&quot; onto public org.springframework.web.servlet.ModelAndView com.magicoh.springmvc.controller.ProductController.categoryInsertForm(org.springframework.ui.Model)
INFO : org.springframework.web.servlet.mvc.method.annotation.RequestMappingHandlerMapping - Mapped &quot;{[/product/category_updateform],methods=[GET]}&quot; onto public org.springframework.web.servlet.ModelAndView com.magicoh.springmvc.controller.ProductController.categoryUpdateForm(int)
INFO : org.springframework.web.servlet.mvc.method.annotation.RequestMappingHandlerMapping - Mapped &quot;{[/product/product_list_search],methods=[POST]}&quot; onto public java.util.List&lt;com.magicoh.springmvc.dto.Product&gt; com.magicoh.springmvc.controller.ProductController.getProductListSearch(org.springframework.ui.Model,com.magicoh.springmvc.dto.Product)
INFO : org.springframework.web.servlet.mvc.method.annotation.RequestMappingHandlerMapping - Mapped &quot;{[/product/product_list_search_datatable],methods=[POST]}&quot; onto public java.util.List&lt;com.magicoh.springmvc.dto.Product&gt; com.magicoh.springmvc.controller.ProductController.getProductListSearchDatatable(org.springframework.ui.Model,com.magicoh.springmvc.dto.Product)
INFO : org.springframework.web.servlet.mvc.method.annotation.RequestMappingHandlerMapping - Mapped &quot;{[/product/product_insertform],methods=[GET]}&quot; onto public org.springframework.web.servlet.ModelAndView com.magicoh.springmvc.controller.ProductController.productInsertForm(org.springframework.ui.Model)
INFO : org.springframework.web.servlet.mvc.method.annotation.RequestMappingHandlerMapping - Mapped &quot;{[/product/product_insert],methods=[POST]}&quot; onto public java.lang.String com.magicoh.springmvc.controller.ProductController.insertProduct(com.magicoh.springmvc.dto.Product)
INFO : org.springframework.web.servlet.mvc.method.annotation.RequestMappingHandlerMapping - Mapped &quot;{[/product/category_update],methods=[POST]}&quot; onto public java.lang.String com.magicoh.springmvc.controller.ProductController.categoryUpdate(com.magicoh.springmvc.dto.Category)
INFO : org.springframework.web.servlet.mvc.method.annotation.RequestMappingHandlerMapping - Mapped &quot;{[/product/product_update],methods=[POST]}&quot; onto public java.lang.String com.magicoh.springmvc.controller.ProductController.productUpdate(com.magicoh.springmvc.dto.Product)
INFO : org.springframework.web.servlet.mvc.method.annotation.RequestMappingHandlerMapping - Mapped &quot;{[/product/category_list],methods=[GET]}&quot; onto public java.lang.String com.magicoh.springmvc.controller.ProductController.getCategoryList(org.springframework.ui.Model) throws java.lang.Exception
INFO : org.springframework.web.servlet.mvc.method.annotation.RequestMappingHandlerMapping - Mapped &quot;{[/product/category_modal],methods=[GET]}&quot; onto public java.lang.String com.magicoh.springmvc.controller.ProductController.getCategoryList(org.springframework.ui.ModelMap,java.lang.String) throws java.lang.Exception
INFO : org.springframework.web.servlet.mvc.method.annotation.RequestMappingHandlerMapping - Mapped &quot;{[/product/category_insert],methods=[POST]}&quot; onto public java.lang.String com.magicoh.springmvc.controller.ProductController.categoryInsert(com.magicoh.springmvc.dto.Category)
INFO : org.springframework.web.servlet.mvc.method.annotation.RequestMappingHandlerMapping - Mapped &quot;{[/product/product_list],methods=[GET]}&quot; onto public java.lang.String com.magicoh.springmvc.controller.ProductController.getProductList(org.springframework.ui.Model) throws java.lang.Exception
INFO : org.springframework.web.servlet.mvc.method.annotation.RequestMappingHandlerMapping - Mapped &quot;{[/product/product_view],methods=[GET]}&quot; onto public org.springframework.web.servlet.ModelAndView com.magicoh.springmvc.controller.ProductController.getProduct(int)
INFO : org.springframework.web.servlet.mvc.method.annotation.RequestMappingHandlerMapping - Mapped &quot;{[/product/product_delete],methods=[GET]}&quot; onto public java.lang.String com.magicoh.springmvc.controller.ProductController.productDelete(com.magicoh.springmvc.dto.Product)
INFO : org.springframework.web.servlet.mvc.method.annotation.RequestMappingHandlerMapping - Mapped &quot;{[/ || /home || /index],methods=[GET]}&quot; onto public java.lang.String com.magicoh.springmvc.controller.ProductController.home()
INFO : org.springframework.web.servlet.mvc.method.annotation.RequestMappingHandlerMapping - Mapped &quot;{[/product/category_delete],methods=[GET]}&quot; onto public java.lang.String com.magicoh.springmvc.controller.ProductController.categoryDelete(int)
INFO : org.springframework.web.servlet.mvc.method.annotation.RequestMappingHandlerMapping - Mapped &quot;{[/sales/invoice_insertform],methods=[GET]}&quot; onto public org.springframework.web.servlet.ModelAndView com.magicoh.springmvc.controller.SalesController.invoiceInsertForm(org.springframework.ui.Model)
INFO : org.springframework.web.servlet.mvc.method.annotation.RequestMappingHandlerMapping - Mapped &quot;{[/sales/product_modal_general],methods=[GET]}&quot; onto public java.lang.String com.magicoh.springmvc.controller.SalesController.getProductListGeneral(org.springframework.ui.ModelMap,java.lang.String) throws java.lang.Exception
INFO : org.springframework.web.servlet.mvc.method.annotation.RequestMappingHandlerMapping - Mapped &quot;{[/sales/product_modal_search_general],methods=[GET]}&quot; onto public java.util.List&lt;com.magicoh.springmvc.dto.Product&gt; com.magicoh.springmvc.controller.SalesController.getProductListSearchGeneral(org.springframework.ui.ModelMap,java.lang.String) throws java.lang.Exception
INFO : org.springframework.web.servlet.mvc.method.annotation.RequestMappingHandlerMapping - Mapped &quot;{[/product_modal_search],methods=[GET]}&quot; onto public java.util.List&lt;com.magicoh.springmvc.dto.Product&gt; com.magicoh.springmvc.controller.SalesController.getProductListInModal(org.springframework.ui.ModelMap,java.lang.String) throws java.lang.Exception
INFO : org.springframework.web.servlet.mvc.method.annotation.RequestMappingHandlerMapping - Mapped &quot;{[/client_modal_search],methods=[GET]}&quot; onto public java.util.List&lt;com.magicoh.springmvc.dto.Client&gt; com.magicoh.springmvc.controller.SalesController.getClientListInModal(org.springframework.ui.ModelMap,java.lang.String) throws java.lang.Exception
INFO : org.springframework.web.servlet.mvc.method.annotation.RequestMappingHandlerMapping - Mapped &quot;{[/sales/category_modal_search],methods=[POST]}&quot; onto public java.util.List&lt;com.magicoh.springmvc.dto.Category&gt; com.magicoh.springmvc.controller.SalesController.getCategoryListInModal(org.springframework.ui.ModelMap,com.magicoh.springmvc.dto.Category) throws java.lang.Exception
INFO : org.springframework.web.servlet.mvc.method.annotation.RequestMappingHandlerMapping - Mapped &quot;{[/sales/invoice_list_search],methods=[POST]}&quot; onto public java.util.List&lt;com.magicoh.springmvc.dto.InvoiceCommonDto&gt; com.magicoh.springmvc.controller.SalesController.getProductListSearch(org.springframework.ui.Model,com.magicoh.springmvc.dto.InvoiceCommonDto)
INFO : org.springframework.web.servlet.mvc.method.annotation.RequestMappingHandlerMapping - Mapped &quot;{[/sales/invoice_updateform],methods=[GET]}&quot; onto public org.springframework.web.servlet.ModelAndView com.magicoh.springmvc.controller.SalesController.invoiceUpdateForm(int,org.springframework.ui.Model)
INFO : org.springframework.web.servlet.mvc.method.annotation.RequestMappingHandlerMapping - Mapped &quot;{[/sales/invoice_list],methods=[GET]}&quot; onto public java.lang.String com.magicoh.springmvc.controller.SalesController.getInvoiceList(org.springframework.ui.Model) throws java.lang.Exception
INFO : org.springframework.web.servlet.mvc.method.annotation.RequestMappingHandlerMapping - Mapped &quot;{[/sales/invoice_insert],methods=[POST]}&quot; onto public java.lang.String com.magicoh.springmvc.controller.SalesController.insertInvoice(com.magicoh.springmvc.dto.InvoiceHeader,javax.servlet.http.HttpSession) throws java.sql.SQLException
INFO : org.springframework.web.servlet.mvc.method.annotation.RequestMappingHandlerMapping - Mapped &quot;{[/sales/invoice_update],methods=[POST]}&quot; onto public java.lang.Boolean com.magicoh.springmvc.controller.SalesController.updateInvoice(com.magicoh.springmvc.dto.InvoiceHeader,javax.servlet.http.HttpSession)
INFO : org.springframework.web.servlet.mvc.method.annotation.RequestMappingHandlerMapping - Mapped &quot;{[/sales/category_modal],methods=[GET]}&quot; onto public java.lang.String com.magicoh.springmvc.controller.SalesController.getCategoryList(org.springframework.ui.ModelMap,java.lang.String) throws java.lang.Exception
INFO : org.springframework.web.servlet.mvc.method.annotation.RequestMappingHandlerMapping - Mapped &quot;{[/sales/client_modal],methods=[GET]}&quot; onto public java.lang.String com.magicoh.springmvc.controller.SalesController.getClientList(org.springframework.ui.ModelMap,java.lang.String,java.lang.String) throws java.lang.Exception
INFO : org.springframework.web.servlet.mvc.method.annotation.RequestMappingHandlerMapping - Mapped &quot;{[/sales/product_modal],methods=[GET]}&quot; onto public java.lang.String com.magicoh.springmvc.controller.SalesController.getProductList(org.springframework.ui.ModelMap,java.lang.String,java.lang.String,java.lang.String) throws java.lang.Exception
INFO : org.springframework.web.servlet.mvc.method.annotation.RequestMappingHandlerAdapter - Looking for @ControllerAdvice: org.springframework.web.context.support.GenericWebApplicationContext@2f943d71: startup date [Wed Dec 30 11:08:23 KST 2020]; root of context hierarchy
INFO : org.springframework.web.servlet.mvc.method.annotation.RequestMappingHandlerAdapter - Looking for @ControllerAdvice: org.springframework.web.context.support.GenericWebApplicationContext@2f943d71: startup date [Wed Dec 30 11:08:23 KST 2020]; root of context hierarchy
INFO : org.springframework.web.servlet.mvc.method.annotation.ExceptionHandlerExceptionResolver - Detected @ExceptionHandler methods in commonExceptionHandlerAdvice
INFO : org.springframework.jdbc.datasource.DriverManagerDataSource - Loaded JDBC driver: oracle.jdbc.driver.OracleDriver
INFO : org.springframework.web.servlet.handler.SimpleUrlHandlerMapping - Mapped URL path [/resources/**] onto handler &apos;org.springframework.web.servlet.resource.ResourceHttpRequestHandler#0&apos;
INFO : org.springframework.web.servlet.handler.SimpleUrlHandlerMapping - Mapped URL path [/css/**] onto handler &apos;org.springframework.web.servlet.resource.ResourceHttpRequestHandler#1&apos;
INFO : org.springframework.web.servlet.handler.SimpleUrlHandlerMapping - Mapped URL path [/images/**] onto handler &apos;org.springframework.web.servlet.resource.ResourceHttpRequestHandler#2&apos;
INFO : org.springframework.web.servlet.handler.SimpleUrlHandlerMapping - Mapped URL path [/js/**] onto handler &apos;org.springframework.web.servlet.resource.ResourceHttpRequestHandler#3&apos;
INFO : jdbc.connection - 1. Connection opened
INFO : jdbc.audit - 1. Connection.new Connection returned 
INFO : jdbc.audit - 1. Connection.getAutoCommit() returned true
INFO : jdbc.audit - 1. Connection.setAutoCommit(false) returned 
INFO : org.springframework.test.context.transaction.TransactionContext - Began transaction (1) for test context [DefaultTestContext@3b2f4a93 testClass = AopLogTest, testInstance = com.magicoh.springmvc.AopLogTest@213bd3d5, testMethod = test@AopLogTest, testException = [null], mergedContextConfiguration = [WebMergedContextConfiguration@5ac7aa18 testClass = AopLogTest, locations = &apos;{file:src/main/webapp/WEB-INF/spring/appServlet/servlet-context.xml, file:src/main/webapp/WEB-INF/spring/application-context.xml}&apos;, classes = &apos;{}&apos;, contextInitializerClasses = &apos;[]&apos;, activeProfiles = &apos;{}&apos;, propertySourceLocations = &apos;{}&apos;, propertySourceProperties = &apos;{}&apos;, contextCustomizers = set[[empty]], resourceBasePath = &apos;src/main/webapp&apos;, contextLoader = &apos;org.springframework.test.context.web.WebDelegatingSmartContextLoader&apos;, parent = [null]]]; transaction manager [org.springframework.jdbc.datasource.DataSourceTransactionManager@470a659f]; rollback [false]
INFO : com.magicoh.springmvc.AopLogTest - invoice_date.toString : 2020-12-10
INFO : jdbc.audit - 1. Connection.getAutoCommit() returned false
INFO : jdbc.audit - 1. PreparedStatement.new PreparedStatement returned 
INFO : jdbc.audit - 1. Connection.prepareStatement(INSERT INTO INVOICEHEADER(
			INVOICE_ID,
			CLIENT_ID,
			INVOICE_DATE,
			SHIPPING_ADDRESS,
			TOTAL_AMT,
			DESCRIPTION,
			CREATED_DATE)
		VALUES(
			?, 
			?, 
			?, 
			?, 
			?, 
			?, 
			SYSDATE)) returned net.sf.log4jdbc.PreparedStatementSpy@5633dafd
INFO : jdbc.audit - 1. PreparedStatement.setInt(1, 101) returned 
INFO : jdbc.audit - 1. PreparedStatement.setInt(2, 1) returned 
INFO : jdbc.audit - 1. PreparedStatement.setDate(3, 2020-12-10) returned 
INFO : jdbc.audit - 1. PreparedStatement.setString(4, &quot;shipping_address&quot;) returned 
INFO : jdbc.audit - 1. PreparedStatement.setDouble(5, 30000.0) returned 
INFO : jdbc.audit - 1. PreparedStatement.setString(6, &quot;description&quot;) returned 
INFO : jdbc.sqlonly - SQL : INSERT INTO INVOICEHEADER(
			INVOICE_ID,
			CLIENT_ID,
			INVOICE_DATE,
			SHIPPING_ADDRESS,
			TOTAL_AMT,
			DESCRIPTION,
			CREATED_DATE)
		VALUES(
			101, 
			1, 
			to_date(&apos;12/10/2020 00:00:00&apos;, &apos;mm/dd/yyyy hh24:mi:ss&apos;), 
			&apos;shipping_address&apos;, 
			30000.0, 
			&apos;description&apos;, 
			SYSDATE)
ERROR: jdbc.audit - 1. PreparedStatement.execute() INSERT INTO INVOICEHEADER(
			INVOICE_ID,
			CLIENT_ID,
			INVOICE_DATE,
			SHIPPING_ADDRESS,
			TOTAL_AMT,
			DESCRIPTION,
			CREATED_DATE)
		VALUES(
			101, 
			1, 
			to_date(&apos;12/10/2020 00:00:00&apos;, &apos;mm/dd/yyyy hh24:mi:ss&apos;), 
			&apos;shipping_address&apos;, 
			30000.0, 
			&apos;description&apos;, 
			SYSDATE)
java.sql.SQLIntegrityConstraintViolationException: ORA-00001: ���Ἲ ���� ����(UMS.PK_INVOICEHEADER)�� ����˴ϴ�

	at oracle.jdbc.driver.T4CTTIoer11.processError(T4CTTIoer11.java:509)
	at oracle.jdbc.driver.T4CTTIoer11.processError(T4CTTIoer11.java:461)
	at oracle.jdbc.driver.T4C8Oall.processError(T4C8Oall.java:1104)
	at oracle.jdbc.driver.T4CTTIfun.receive(T4CTTIfun.java:550)
	at oracle.jdbc.driver.T4CTTIfun.doRPC(T4CTTIfun.java:268)
	at oracle.jdbc.driver.T4C8Oall.doOALL(T4C8Oall.java:655)
	at oracle.jdbc.driver.T4CPreparedStatement.doOall8(T4CPreparedStatement.java:270)
	at oracle.jdbc.driver.T4CPreparedStatement.doOall8(T4CPreparedStatement.java:91)
	at oracle.jdbc.driver.T4CPreparedStatement.executeForRows(T4CPreparedStatement.java:970)
	at oracle.jdbc.driver.OracleStatement.doExecuteWithTimeout(OracleStatement.java:1205)
	at oracle.jdbc.driver.OraclePreparedStatement.executeInternal(OraclePreparedStatement.java:3666)
	at oracle.jdbc.driver.T4CPreparedStatement.executeInternal(T4CPreparedStatement.java:1426)
	at oracle.jdbc.driver.OraclePreparedStatement.execute(OraclePreparedStatement.java:3778)
	at oracle.jdbc.driver.OraclePreparedStatementWrapper.execute(OraclePreparedStatementWrapper.java:1081)
	at net.sf.log4jdbc.PreparedStatementSpy.execute(PreparedStatementSpy.java:418)
	at org.apache.ibatis.executor.statement.PreparedStatementHandler.update(PreparedStatementHandler.java:47)
	at org.apache.ibatis.executor.statement.RoutingStatementHandler.update(RoutingStatementHandler.java:74)
	at org.apache.ibatis.executor.SimpleExecutor.doUpdate(SimpleExecutor.java:50)
	at org.apache.ibatis.executor.BaseExecutor.update(BaseExecutor.java:117)
	at org.apache.ibatis.session.defaults.DefaultSqlSession.update(DefaultSqlSession.java:197)
	at org.apache.ibatis.session.defaults.DefaultSqlSession.insert(DefaultSqlSession.java:184)
	at sun.reflect.NativeMethodAccessorImpl.invoke0(Native Method)
	at sun.reflect.NativeMethodAccessorImpl.invoke(NativeMethodAccessorImpl.java:62)
	at sun.reflect.DelegatingMethodAccessorImpl.invoke(DelegatingMethodAccessorImpl.java:43)
	at java.lang.reflect.Method.invoke(Method.java:498)
	at org.mybatis.spring.SqlSessionTemplate$SqlSessionInterceptor.invoke(SqlSessionTemplate.java:426)
	at com.sun.proxy.$Proxy39.insert(Unknown Source)
	at org.mybatis.spring.SqlSessionTemplate.insert(SqlSessionTemplate.java:271)
	at org.apache.ibatis.binding.MapperMethod.execute(MapperMethod.java:62)
	at org.apache.ibatis.binding.MapperProxy$PlainMethodInvoker.invoke(MapperProxy.java:144)
	at org.apache.ibatis.binding.MapperProxy.invoke(MapperProxy.java:85)
	at com.sun.proxy.$Proxy45.insertInvoiceHeader(Unknown Source)
	at com.magicoh.springmvc.AopLogTest.test(AopLogTest.java:58)
	at sun.reflect.NativeMethodAccessorImpl.invoke0(Native Method)
	at sun.reflect.NativeMethodAccessorImpl.invoke(NativeMethodAccessorImpl.java:62)
	at sun.reflect.DelegatingMethodAccessorImpl.invoke(DelegatingMethodAccessorImpl.java:43)
	at java.lang.reflect.Method.invoke(Method.java:498)
	at org.junit.runners.model.FrameworkMethod$1.runReflectiveCall(FrameworkMethod.java:59)
	at org.junit.internal.runners.model.ReflectiveCallable.run(ReflectiveCallable.java:12)
	at org.junit.runners.model.FrameworkMethod.invokeExplosively(FrameworkMethod.java:56)
	at org.junit.internal.runners.statements.InvokeMethod.evaluate(InvokeMethod.java:17)
	at org.junit.internal.runners.statements.RunBefores.evaluate(RunBefores.java:26)
	at org.springframework.test.context.junit4.statements.RunBeforeTestMethodCallbacks.evaluate(RunBeforeTestMethodCallbacks.java:75)
	at org.springframework.test.context.junit4.statements.RunAfterTestMethodCallbacks.evaluate(RunAfterTestMethodCallbacks.java:86)
	at org.springframework.test.context.junit4.statements.SpringRepeat.evaluate(SpringRepeat.java:84)
	at org.junit.runners.ParentRunner.runLeaf(ParentRunner.java:366)
	at org.springframework.test.context.junit4.SpringJUnit4ClassRunner.runChild(SpringJUnit4ClassRunner.java:252)
	at org.springframework.test.context.junit4.SpringJUnit4ClassRunner.runChild(SpringJUnit4ClassRunner.java:94)
	at org.junit.runners.ParentRunner$4.run(ParentRunner.java:331)
	at org.junit.runners.ParentRunner$1.schedule(ParentRunner.java:79)
	at org.junit.runners.ParentRunner.runChildren(ParentRunner.java:329)
	at org.junit.runners.ParentRunner.access$100(ParentRunner.java:66)
	at org.junit.runners.ParentRunner$2.evaluate(ParentRunner.java:293)
	at org.springframework.test.context.junit4.statements.RunBeforeTestClassCallbacks.evaluate(RunBeforeTestClassCallbacks.java:61)
	at org.springframework.test.context.junit4.statements.RunAfterTestClassCallbacks.evaluate(RunAfterTestClassCallbacks.java:70)
	at org.junit.runners.ParentRunner$3.evaluate(ParentRunner.java:306)
	at org.junit.runners.ParentRunner.run(ParentRunner.java:413)
	at org.springframework.test.context.junit4.SpringJUnit4ClassRunner.run(SpringJUnit4ClassRunner.java:191)
	at org.apache.maven.surefire.junit4.JUnit4Provider.execute(JUnit4Provider.java:252)
	at org.apache.maven.surefire.junit4.JUnit4Provider.executeTestSet(JUnit4Provider.java:141)
	at org.apache.maven.surefire.junit4.JUnit4Provider.invoke(JUnit4Provider.java:112)
	at sun.reflect.NativeMethodAccessorImpl.invoke0(Native Method)
	at sun.reflect.NativeMethodAccessorImpl.invoke(NativeMethodAccessorImpl.java:62)
	at sun.reflect.DelegatingMethodAccessorImpl.invoke(DelegatingMethodAccessorImpl.java:43)
	at java.lang.reflect.Method.invoke(Method.java:498)
	at org.apache.maven.surefire.util.ReflectionUtils.invokeMethodWithArray(ReflectionUtils.java:189)
	at org.apache.maven.surefire.booter.ProviderFactory$ProviderProxy.invoke(ProviderFactory.java:165)
	at org.apache.maven.surefire.booter.ProviderFactory.invokeProvider(ProviderFactory.java:85)
	at org.apache.maven.surefire.booter.ForkedBooter.runSuitesInProcess(ForkedBooter.java:115)
	at org.apache.maven.surefire.booter.ForkedBooter.main(ForkedBooter.java:75)
Caused by: Error : 1, Position : 0, Sql = INSERT INTO INVOICEHEADER(
			INVOICE_ID,
			CLIENT_ID,
			INVOICE_DATE,
			SHIPPING_ADDRESS,
			TOTAL_AMT,
			DESCRIPTION,
			CREATED_DATE)
		VALUES(
			:1 , 
			:2 , 
			:3 , 
			:4 , 
			:5 , 
			:6 , 
			SYSDATE), OriginalSql = INSERT INTO INVOICEHEADER(
			INVOICE_ID,
			CLIENT_ID,
			INVOICE_DATE,
			SHIPPING_ADDRESS,
			TOTAL_AMT,
			DESCRIPTION,
			CREATED_DATE)
		VALUES(
			?, 
			?, 
			?, 
			?, 
			?, 
			?, 
			SYSDATE), Error Msg = ORA-00001: ���Ἲ ���� ����(UMS.PK_INVOICEHEADER)�� ����˴ϴ�

	at oracle.jdbc.driver.T4CTTIoer11.processError(T4CTTIoer11.java:513)
	... 69 more
ERROR: jdbc.sqlonly - 1. PreparedStatement.execute() INSERT INTO INVOICEHEADER(
			INVOICE_ID,
			CLIENT_ID,
			INVOICE_DATE,
			SHIPPING_ADDRESS,
			TOTAL_AMT,
			DESCRIPTION,
			CREATED_DATE)
		VALUES(
			101, 
			1, 
			to_date(&apos;12/10/2020 00:00:00&apos;, &apos;mm/dd/yyyy hh24:mi:ss&apos;), 
			&apos;shipping_address&apos;, 
			30000.0, 
			&apos;description&apos;, 
			SYSDATE)
java.sql.SQLIntegrityConstraintViolationException: ORA-00001: ���Ἲ ���� ����(UMS.PK_INVOICEHEADER)�� ����˴ϴ�

	at oracle.jdbc.driver.T4CTTIoer11.processError(T4CTTIoer11.java:509)
	at oracle.jdbc.driver.T4CTTIoer11.processError(T4CTTIoer11.java:461)
	at oracle.jdbc.driver.T4C8Oall.processError(T4C8Oall.java:1104)
	at oracle.jdbc.driver.T4CTTIfun.receive(T4CTTIfun.java:550)
	at oracle.jdbc.driver.T4CTTIfun.doRPC(T4CTTIfun.java:268)
	at oracle.jdbc.driver.T4C8Oall.doOALL(T4C8Oall.java:655)
	at oracle.jdbc.driver.T4CPreparedStatement.doOall8(T4CPreparedStatement.java:270)
	at oracle.jdbc.driver.T4CPreparedStatement.doOall8(T4CPreparedStatement.java:91)
	at oracle.jdbc.driver.T4CPreparedStatement.executeForRows(T4CPreparedStatement.java:970)
	at oracle.jdbc.driver.OracleStatement.doExecuteWithTimeout(OracleStatement.java:1205)
	at oracle.jdbc.driver.OraclePreparedStatement.executeInternal(OraclePreparedStatement.java:3666)
	at oracle.jdbc.driver.T4CPreparedStatement.executeInternal(T4CPreparedStatement.java:1426)
	at oracle.jdbc.driver.OraclePreparedStatement.execute(OraclePreparedStatement.java:3778)
	at oracle.jdbc.driver.OraclePreparedStatementWrapper.execute(OraclePreparedStatementWrapper.java:1081)
	at net.sf.log4jdbc.PreparedStatementSpy.execute(PreparedStatementSpy.java:418)
	at org.apache.ibatis.executor.statement.PreparedStatementHandler.update(PreparedStatementHandler.java:47)
	at org.apache.ibatis.executor.statement.RoutingStatementHandler.update(RoutingStatementHandler.java:74)
	at org.apache.ibatis.executor.SimpleExecutor.doUpdate(SimpleExecutor.java:50)
	at org.apache.ibatis.executor.BaseExecutor.update(BaseExecutor.java:117)
	at org.apache.ibatis.session.defaults.DefaultSqlSession.update(DefaultSqlSession.java:197)
	at org.apache.ibatis.session.defaults.DefaultSqlSession.insert(DefaultSqlSession.java:184)
	at sun.reflect.NativeMethodAccessorImpl.invoke0(Native Method)
	at sun.reflect.NativeMethodAccessorImpl.invoke(NativeMethodAccessorImpl.java:62)
	at sun.reflect.DelegatingMethodAccessorImpl.invoke(DelegatingMethodAccessorImpl.java:43)
	at java.lang.reflect.Method.invoke(Method.java:498)
	at org.mybatis.spring.SqlSessionTemplate$SqlSessionInterceptor.invoke(SqlSessionTemplate.java:426)
	at com.sun.proxy.$Proxy39.insert(Unknown Source)
	at org.mybatis.spring.SqlSessionTemplate.insert(SqlSessionTemplate.java:271)
	at org.apache.ibatis.binding.MapperMethod.execute(MapperMethod.java:62)
	at org.apache.ibatis.binding.MapperProxy$PlainMethodInvoker.invoke(MapperProxy.java:144)
	at org.apache.ibatis.binding.MapperProxy.invoke(MapperProxy.java:85)
	at com.sun.proxy.$Proxy45.insertInvoiceHeader(Unknown Source)
	at com.magicoh.springmvc.AopLogTest.test(AopLogTest.java:58)
	at sun.reflect.NativeMethodAccessorImpl.invoke0(Native Method)
	at sun.reflect.NativeMethodAccessorImpl.invoke(NativeMethodAccessorImpl.java:62)
	at sun.reflect.DelegatingMethodAccessorImpl.invoke(DelegatingMethodAccessorImpl.java:43)
	at java.lang.reflect.Method.invoke(Method.java:498)
	at org.junit.runners.model.FrameworkMethod$1.runReflectiveCall(FrameworkMethod.java:59)
	at org.junit.internal.runners.model.ReflectiveCallable.run(ReflectiveCallable.java:12)
	at org.junit.runners.model.FrameworkMethod.invokeExplosively(FrameworkMethod.java:56)
	at org.junit.internal.runners.statements.InvokeMethod.evaluate(InvokeMethod.java:17)
	at org.junit.internal.runners.statements.RunBefores.evaluate(RunBefores.java:26)
	at org.springframework.test.context.junit4.statements.RunBeforeTestMethodCallbacks.evaluate(RunBeforeTestMethodCallbacks.java:75)
	at org.springframework.test.context.junit4.statements.RunAfterTestMethodCallbacks.evaluate(RunAfterTestMethodCallbacks.java:86)
	at org.springframework.test.context.junit4.statements.SpringRepeat.evaluate(SpringRepeat.java:84)
	at org.junit.runners.ParentRunner.runLeaf(ParentRunner.java:366)
	at org.springframework.test.context.junit4.SpringJUnit4ClassRunner.runChild(SpringJUnit4ClassRunner.java:252)
	at org.springframework.test.context.junit4.SpringJUnit4ClassRunner.runChild(SpringJUnit4ClassRunner.java:94)
	at org.junit.runners.ParentRunner$4.run(ParentRunner.java:331)
	at org.junit.runners.ParentRunner$1.schedule(ParentRunner.java:79)
	at org.junit.runners.ParentRunner.runChildren(ParentRunner.java:329)
	at org.junit.runners.ParentRunner.access$100(ParentRunner.java:66)
	at org.junit.runners.ParentRunner$2.evaluate(ParentRunner.java:293)
	at org.springframework.test.context.junit4.statements.RunBeforeTestClassCallbacks.evaluate(RunBeforeTestClassCallbacks.java:61)
	at org.springframework.test.context.junit4.statements.RunAfterTestClassCallbacks.evaluate(RunAfterTestClassCallbacks.java:70)
	at org.junit.runners.ParentRunner$3.evaluate(ParentRunner.java:306)
	at org.junit.runners.ParentRunner.run(ParentRunner.java:413)
	at org.springframework.test.context.junit4.SpringJUnit4ClassRunner.run(SpringJUnit4ClassRunner.java:191)
	at org.apache.maven.surefire.junit4.JUnit4Provider.execute(JUnit4Provider.java:252)
	at org.apache.maven.surefire.junit4.JUnit4Provider.executeTestSet(JUnit4Provider.java:141)
	at org.apache.maven.surefire.junit4.JUnit4Provider.invoke(JUnit4Provider.java:112)
	at sun.reflect.NativeMethodAccessorImpl.invoke0(Native Method)
	at sun.reflect.NativeMethodAccessorImpl.invoke(NativeMethodAccessorImpl.java:62)
	at sun.reflect.DelegatingMethodAccessorImpl.invoke(DelegatingMethodAccessorImpl.java:43)
	at java.lang.reflect.Method.invoke(Method.java:498)
	at org.apache.maven.surefire.util.ReflectionUtils.invokeMethodWithArray(ReflectionUtils.java:189)
	at org.apache.maven.surefire.booter.ProviderFactory$ProviderProxy.invoke(ProviderFactory.java:165)
	at org.apache.maven.surefire.booter.ProviderFactory.invokeProvider(ProviderFactory.java:85)
	at org.apache.maven.surefire.booter.ForkedBooter.runSuitesInProcess(ForkedBooter.java:115)
	at org.apache.maven.surefire.booter.ForkedBooter.main(ForkedBooter.java:75)
Caused by: Error : 1, Position : 0, Sql = INSERT INTO INVOICEHEADER(
			INVOICE_ID,
			CLIENT_ID,
			INVOICE_DATE,
			SHIPPING_ADDRESS,
			TOTAL_AMT,
			DESCRIPTION,
			CREATED_DATE)
		VALUES(
			:1 , 
			:2 , 
			:3 , 
			:4 , 
			:5 , 
			:6 , 
			SYSDATE), OriginalSql = INSERT INTO INVOICEHEADER(
			INVOICE_ID,
			CLIENT_ID,
			INVOICE_DATE,
			SHIPPING_ADDRESS,
			TOTAL_AMT,
			DESCRIPTION,
			CREATED_DATE)
		VALUES(
			?, 
			?, 
			?, 
			?, 
			?, 
			?, 
			SYSDATE), Error Msg = ORA-00001: ���Ἲ ���� ����(UMS.PK_INVOICEHEADER)�� ����˴ϴ�

	at oracle.jdbc.driver.T4CTTIoer11.processError(T4CTTIoer11.java:513)
	... 69 more
ERROR: jdbc.sqltiming - 1. PreparedStatement.execute() FAILED! INSERT INTO INVOICEHEADER(
			INVOICE_ID,
			CLIENT_ID,
			INVOICE_DATE,
			SHIPPING_ADDRESS,
			TOTAL_AMT,
			DESCRIPTION,
			CREATED_DATE)
		VALUES(
			101, 
			1, 
			to_date(&apos;12/10/2020 00:00:00&apos;, &apos;mm/dd/yyyy hh24:mi:ss&apos;), 
			&apos;shipping_address&apos;, 
			30000.0, 
			&apos;description&apos;, 
			SYSDATE) {FAILED after 1358 msec}
java.sql.SQLIntegrityConstraintViolationException: ORA-00001: ���Ἲ ���� ����(UMS.PK_INVOICEHEADER)�� ����˴ϴ�

	at oracle.jdbc.driver.T4CTTIoer11.processError(T4CTTIoer11.java:509)
	at oracle.jdbc.driver.T4CTTIoer11.processError(T4CTTIoer11.java:461)
	at oracle.jdbc.driver.T4C8Oall.processError(T4C8Oall.java:1104)
	at oracle.jdbc.driver.T4CTTIfun.receive(T4CTTIfun.java:550)
	at oracle.jdbc.driver.T4CTTIfun.doRPC(T4CTTIfun.java:268)
	at oracle.jdbc.driver.T4C8Oall.doOALL(T4C8Oall.java:655)
	at oracle.jdbc.driver.T4CPreparedStatement.doOall8(T4CPreparedStatement.java:270)
	at oracle.jdbc.driver.T4CPreparedStatement.doOall8(T4CPreparedStatement.java:91)
	at oracle.jdbc.driver.T4CPreparedStatement.executeForRows(T4CPreparedStatement.java:970)
	at oracle.jdbc.driver.OracleStatement.doExecuteWithTimeout(OracleStatement.java:1205)
	at oracle.jdbc.driver.OraclePreparedStatement.executeInternal(OraclePreparedStatement.java:3666)
	at oracle.jdbc.driver.T4CPreparedStatement.executeInternal(T4CPreparedStatement.java:1426)
	at oracle.jdbc.driver.OraclePreparedStatement.execute(OraclePreparedStatement.java:3778)
	at oracle.jdbc.driver.OraclePreparedStatementWrapper.execute(OraclePreparedStatementWrapper.java:1081)
	at net.sf.log4jdbc.PreparedStatementSpy.execute(PreparedStatementSpy.java:418)
	at org.apache.ibatis.executor.statement.PreparedStatementHandler.update(PreparedStatementHandler.java:47)
	at org.apache.ibatis.executor.statement.RoutingStatementHandler.update(RoutingStatementHandler.java:74)
	at org.apache.ibatis.executor.SimpleExecutor.doUpdate(SimpleExecutor.java:50)
	at org.apache.ibatis.executor.BaseExecutor.update(BaseExecutor.java:117)
	at org.apache.ibatis.session.defaults.DefaultSqlSession.update(DefaultSqlSession.java:197)
	at org.apache.ibatis.session.defaults.DefaultSqlSession.insert(DefaultSqlSession.java:184)
	at sun.reflect.NativeMethodAccessorImpl.invoke0(Native Method)
	at sun.reflect.NativeMethodAccessorImpl.invoke(NativeMethodAccessorImpl.java:62)
	at sun.reflect.DelegatingMethodAccessorImpl.invoke(DelegatingMethodAccessorImpl.java:43)
	at java.lang.reflect.Method.invoke(Method.java:498)
	at org.mybatis.spring.SqlSessionTemplate$SqlSessionInterceptor.invoke(SqlSessionTemplate.java:426)
	at com.sun.proxy.$Proxy39.insert(Unknown Source)
	at org.mybatis.spring.SqlSessionTemplate.insert(SqlSessionTemplate.java:271)
	at org.apache.ibatis.binding.MapperMethod.execute(MapperMethod.java:62)
	at org.apache.ibatis.binding.MapperProxy$PlainMethodInvoker.invoke(MapperProxy.java:144)
	at org.apache.ibatis.binding.MapperProxy.invoke(MapperProxy.java:85)
	at com.sun.proxy.$Proxy45.insertInvoiceHeader(Unknown Source)
	at com.magicoh.springmvc.AopLogTest.test(AopLogTest.java:58)
	at sun.reflect.NativeMethodAccessorImpl.invoke0(Native Method)
	at sun.reflect.NativeMethodAccessorImpl.invoke(NativeMethodAccessorImpl.java:62)
	at sun.reflect.DelegatingMethodAccessorImpl.invoke(DelegatingMethodAccessorImpl.java:43)
	at java.lang.reflect.Method.invoke(Method.java:498)
	at org.junit.runners.model.FrameworkMethod$1.runReflectiveCall(FrameworkMethod.java:59)
	at org.junit.internal.runners.model.ReflectiveCallable.run(ReflectiveCallable.java:12)
	at org.junit.runners.model.FrameworkMethod.invokeExplosively(FrameworkMethod.java:56)
	at org.junit.internal.runners.statements.InvokeMethod.evaluate(InvokeMethod.java:17)
	at org.junit.internal.runners.statements.RunBefores.evaluate(RunBefores.java:26)
	at org.springframework.test.context.junit4.statements.RunBeforeTestMethodCallbacks.evaluate(RunBeforeTestMethodCallbacks.java:75)
	at org.springframework.test.context.junit4.statements.RunAfterTestMethodCallbacks.evaluate(RunAfterTestMethodCallbacks.java:86)
	at org.springframework.test.context.junit4.statements.SpringRepeat.evaluate(SpringRepeat.java:84)
	at org.junit.runners.ParentRunner.runLeaf(ParentRunner.java:366)
	at org.springframework.test.context.junit4.SpringJUnit4ClassRunner.runChild(SpringJUnit4ClassRunner.java:252)
	at org.springframework.test.context.junit4.SpringJUnit4ClassRunner.runChild(SpringJUnit4ClassRunner.java:94)
	at org.junit.runners.ParentRunner$4.run(ParentRunner.java:331)
	at org.junit.runners.ParentRunner$1.schedule(ParentRunner.java:79)
	at org.junit.runners.ParentRunner.runChildren(ParentRunner.java:329)
	at org.junit.runners.ParentRunner.access$100(ParentRunner.java:66)
	at org.junit.runners.ParentRunner$2.evaluate(ParentRunner.java:293)
	at org.springframework.test.context.junit4.statements.RunBeforeTestClassCallbacks.evaluate(RunBeforeTestClassCallbacks.java:61)
	at org.springframework.test.context.junit4.statements.RunAfterTestClassCallbacks.evaluate(RunAfterTestClassCallbacks.java:70)
	at org.junit.runners.ParentRunner$3.evaluate(ParentRunner.java:306)
	at org.junit.runners.ParentRunner.run(ParentRunner.java:413)
	at org.springframework.test.context.junit4.SpringJUnit4ClassRunner.run(SpringJUnit4ClassRunner.java:191)
	at org.apache.maven.surefire.junit4.JUnit4Provider.execute(JUnit4Provider.java:252)
	at org.apache.maven.surefire.junit4.JUnit4Provider.executeTestSet(JUnit4Provider.java:141)
	at org.apache.maven.surefire.junit4.JUnit4Provider.invoke(JUnit4Provider.java:112)
	at sun.reflect.NativeMethodAccessorImpl.invoke0(Native Method)
	at sun.reflect.NativeMethodAccessorImpl.invoke(NativeMethodAccessorImpl.java:62)
	at sun.reflect.DelegatingMethodAccessorImpl.invoke(DelegatingMethodAccessorImpl.java:43)
	at java.lang.reflect.Method.invoke(Method.java:498)
	at org.apache.maven.surefire.util.ReflectionUtils.invokeMethodWithArray(ReflectionUtils.java:189)
	at org.apache.maven.surefire.booter.ProviderFactory$ProviderProxy.invoke(ProviderFactory.java:165)
	at org.apache.maven.surefire.booter.ProviderFactory.invokeProvider(ProviderFactory.java:85)
	at org.apache.maven.surefire.booter.ForkedBooter.runSuitesInProcess(ForkedBooter.java:115)
	at org.apache.maven.surefire.booter.ForkedBooter.main(ForkedBooter.java:75)
Caused by: Error : 1, Position : 0, Sql = INSERT INTO INVOICEHEADER(
			INVOICE_ID,
			CLIENT_ID,
			INVOICE_DATE,
			SHIPPING_ADDRESS,
			TOTAL_AMT,
			DESCRIPTION,
			CREATED_DATE)
		VALUES(
			:1 , 
			:2 , 
			:3 , 
			:4 , 
			:5 , 
			:6 , 
			SYSDATE), OriginalSql = INSERT INTO INVOICEHEADER(
			INVOICE_ID,
			CLIENT_ID,
			INVOICE_DATE,
			SHIPPING_ADDRESS,
			TOTAL_AMT,
			DESCRIPTION,
			CREATED_DATE)
		VALUES(
			?, 
			?, 
			?, 
			?, 
			?, 
			?, 
			SYSDATE), Error Msg = ORA-00001: ���Ἲ ���� ����(UMS.PK_INVOICEHEADER)�� ����˴ϴ�

	at oracle.jdbc.driver.T4CTTIoer11.processError(T4CTTIoer11.java:513)
	... 69 more
INFO : jdbc.audit - 1. PreparedStatement.close() returned 
INFO : org.springframework.beans.factory.xml.XmlBeanDefinitionReader - Loading XML bean definitions from class path resource [org/springframework/jdbc/support/sql-error-codes.xml]
INFO : jdbc.audit - 1. Connection.getMetaData() returned oracle.jdbc.driver.OracleDatabaseMetaData@41b1f51e
INFO : jdbc.audit - 1. Connection.commit() returned 
INFO : jdbc.audit - 1. Connection.setAutoCommit(true) returned 
INFO : jdbc.audit - 1. Connection.isReadOnly() returned false
INFO : jdbc.connection - 1. Connection closed
INFO : jdbc.audit - 1. Connection.close() returned 
INFO : org.springframework.test.context.transaction.TransactionContext - Committed transaction for test: [DefaultTestContext@3b2f4a93 testClass = AopLogTest, testInstance = com.magicoh.springmvc.AopLogTest@213bd3d5, testMethod = test@AopLogTest, testException = org.springframework.dao.DuplicateKeyException: 
### Error updating database.  Cause: java.sql.SQLIntegrityConstraintViolationException: ORA-00001: ���Ἲ ���� ����(UMS.PK_INVOICEHEADER)�� ����˴ϴ�

### The error may exist in file [D:\sts4Works\springsecurity\target\classes\mapper\oracle\productMapper.xml]
### The error may involve com.magicoh.springmvc.dao.IProductMapperDao.insertInvoiceHeader-Inline
### The error occurred while setting parameters
### SQL: INSERT INTO INVOICEHEADER(    INVOICE_ID,    CLIENT_ID,    INVOICE_DATE,    SHIPPING_ADDRESS,    TOTAL_AMT,    DESCRIPTION,    CREATED_DATE)   VALUES(    ?,     ?,     ?,     ?,     ?,     ?,     SYSDATE)
### Cause: java.sql.SQLIntegrityConstraintViolationException: ORA-00001: ���Ἲ ���� ����(UMS.PK_INVOICEHEADER)�� ����˴ϴ�

; SQL []; ORA-00001: ���Ἲ ���� ����(UMS.PK_INVOICEHEADER)�� ����˴ϴ�
; nested exception is java.sql.SQLIntegrityConstraintViolationException: ORA-00001: ���Ἲ ���� ����(UMS.PK_INVOICEHEADER)�� ����˴ϴ�
, mergedContextConfiguration = [WebMergedContextConfiguration@5ac7aa18 testClass = AopLogTest, locations = &apos;{file:src/main/webapp/WEB-INF/spring/appServlet/servlet-context.xml, file:src/main/webapp/WEB-INF/spring/application-context.xml}&apos;, classes = &apos;{}&apos;, contextInitializerClasses = &apos;[]&apos;, activeProfiles = &apos;{}&apos;, propertySourceLocations = &apos;{}&apos;, propertySourceProperties = &apos;{}&apos;, contextCustomizers = set[[empty]], resourceBasePath = &apos;src/main/webapp&apos;, contextLoader = &apos;org.springframework.test.context.web.WebDelegatingSmartContextLoader&apos;, parent = [null]]]
</system-out>
    <system-err>SLF4J: Class path contains multiple SLF4J bindings.
SLF4J: Found binding in [jar:file:/D:/JavaWorks/repository/maven1/org/slf4j/slf4j-log4j12/1.7.30/slf4j-log4j12-1.7.30.jar!/org/slf4j/impl/StaticLoggerBinder.class]
SLF4J: Found binding in [jar:file:/D:/JavaWorks/repository/maven1/ch/qos/logback/logback-classic/1.2.3/logback-classic-1.2.3.jar!/org/slf4j/impl/StaticLoggerBinder.class]
SLF4J: See http://www.slf4j.org/codes.html#multiple_bindings for an explanation.
SLF4J: Actual binding is of type [org.slf4j.impl.Log4jLoggerFactory]
12�� 30, 2020 11:08:26 ���� com.magicoh.springmvc.service.user.CustomProvider setDataSource
����: CustomProvider setDataSource dataSource net.sf.log4jdbc.Log4jdbcProxyDataSource@2571066a
</system-err>
  </testcase>
</testsuite>